D:\ABHINAV\SKYDRIVE\DOCUMENTS\GAME SRC CODE 21 FEB 2014 2252H\PLAI APOGEE 2K14 VC11\PLAI APOGEE 2K14 VC11\RELEASE\VECTOROPS.OBJ
D:\ABHINAV\SKYDRIVE\DOCUMENTS\GAME SRC CODE 21 FEB 2014 2252H\PLAI APOGEE 2K14 VC11\PLAI APOGEE 2K14 VC11\RELEASE\HUMANPLAYERWASD.OBJ
D:\ABHINAV\SKYDRIVE\DOCUMENTS\GAME SRC CODE 21 FEB 2014 2252H\PLAI APOGEE 2K14 VC11\PLAI APOGEE 2K14 VC11\RELEASE\ANIMATEDSPRITE.OBJ
D:\ABHINAV\SKYDRIVE\DOCUMENTS\GAME SRC CODE 21 FEB 2014 2252H\PLAI APOGEE 2K14 VC11\PLAI APOGEE 2K14 VC11\RELEASE\SOURCE.OBJ
D:\ABHINAV\SKYDRIVE\DOCUMENTS\GAME SRC CODE 21 FEB 2014 2252H\PLAI APOGEE 2K14 VC11\PLAI APOGEE 2K14 VC11\RELEASE\RAFT.OBJ
D:\ABHINAV\SKYDRIVE\DOCUMENTS\GAME SRC CODE 21 FEB 2014 2252H\PLAI APOGEE 2K14 VC11\PLAI APOGEE 2K14 VC11\RELEASE\CANNONBALLSMANAGER.OBJ
D:\ABHINAV\SKYDRIVE\DOCUMENTS\GAME SRC CODE 21 FEB 2014 2252H\PLAI APOGEE 2K14 VC11\PLAI APOGEE 2K14 VC11\RELEASE\MAP.OBJ
D:\ABHINAV\SKYDRIVE\DOCUMENTS\GAME SRC CODE 21 FEB 2014 2252H\PLAI APOGEE 2K14 VC11\PLAI APOGEE 2K14 VC11\RELEASE\INFORMATIONPROVIDER.OBJ
D:\ABHINAV\SKYDRIVE\DOCUMENTS\GAME SRC CODE 21 FEB 2014 2252H\PLAI APOGEE 2K14 VC11\PLAI APOGEE 2K14 VC11\RELEASE\GAMESOUNDS.OBJ
D:\ABHINAV\SKYDRIVE\DOCUMENTS\GAME SRC CODE 21 FEB 2014 2252H\PLAI APOGEE 2K14 VC11\PLAI APOGEE 2K14 VC11\RELEASE\GAMEGRAPHICS.OBJ
D:\ABHINAV\SKYDRIVE\DOCUMENTS\GAME SRC CODE 21 FEB 2014 2252H\PLAI APOGEE 2K14 VC11\PLAI APOGEE 2K14 VC11\RELEASE\GAME.OBJ
D:\ABHINAV\SKYDRIVE\DOCUMENTS\GAME SRC CODE 21 FEB 2014 2252H\PLAI APOGEE 2K14 VC11\PLAI APOGEE 2K14 VC11\RELEASE\VC110.PDB
D:\ABHINAV\SKYDRIVE\DOCUMENTS\GAME SRC CODE 21 FEB 2014 2252H\PLAI APOGEE 2K14 VC11\RELEASE\PLAI APOGEE 2K14 VC11.EXE
D:\ABHINAV\SKYDRIVE\DOCUMENTS\GAME SRC CODE 21 FEB 2014 2252H\PLAI APOGEE 2K14 VC11\RELEASE\PLAI APOGEE 2K14 VC11.PDB
D:\Abhinav\SkyDrive\Documents\Game Src Code 21 Feb 2014 2252h\plAI Apogee 2k14 VC11\plAI Apogee 2k14 VC11\Release\AnimatedSprite.obj
D:\Abhinav\SkyDrive\Documents\Game Src Code 21 Feb 2014 2252h\plAI Apogee 2k14 VC11\plAI Apogee 2k14 VC11\Release\CannonBallsManager.obj
D:\Abhinav\SkyDrive\Documents\Game Src Code 21 Feb 2014 2252h\plAI Apogee 2k14 VC11\plAI Apogee 2k14 VC11\Release\Game.obj
D:\Abhinav\SkyDrive\Documents\Game Src Code 21 Feb 2014 2252h\plAI Apogee 2k14 VC11\plAI Apogee 2k14 VC11\Release\GameGraphics.obj
D:\Abhinav\SkyDrive\Documents\Game Src Code 21 Feb 2014 2252h\plAI Apogee 2k14 VC11\plAI Apogee 2k14 VC11\Release\GameSounds.obj
D:\Abhinav\SkyDrive\Documents\Game Src Code 21 Feb 2014 2252h\plAI Apogee 2k14 VC11\plAI Apogee 2k14 VC11\Release\HumanPlayerWASD.obj
D:\Abhinav\SkyDrive\Documents\Game Src Code 21 Feb 2014 2252h\plAI Apogee 2k14 VC11\plAI Apogee 2k14 VC11\Release\InformationProvider.obj
D:\Abhinav\SkyDrive\Documents\Game Src Code 21 Feb 2014 2252h\plAI Apogee 2k14 VC11\plAI Apogee 2k14 VC11\Release\Map.obj
D:\Abhinav\SkyDrive\Documents\Game Src Code 21 Feb 2014 2252h\plAI Apogee 2k14 VC11\plAI Apogee 2k14 VC11\Release\Raft.obj
D:\Abhinav\SkyDrive\Documents\Game Src Code 21 Feb 2014 2252h\plAI Apogee 2k14 VC11\plAI Apogee 2k14 VC11\Release\Source.obj
D:\Abhinav\SkyDrive\Documents\Game Src Code 21 Feb 2014 2252h\plAI Apogee 2k14 VC11\plAI Apogee 2k14 VC11\Release\VectorOps.obj
D:\Abhinav\SkyDrive\Documents\Game Src Code 21 Feb 2014 2252h\plAI Apogee 2k14 VC11\plAI Apogee 2k14 VC11\Release\cl.command.1.tlog
D:\Abhinav\SkyDrive\Documents\Game Src Code 21 Feb 2014 2252h\plAI Apogee 2k14 VC11\plAI Apogee 2k14 VC11\Release\CL.read.1.tlog
D:\Abhinav\SkyDrive\Documents\Game Src Code 21 Feb 2014 2252h\plAI Apogee 2k14 VC11\plAI Apogee 2k14 VC11\Release\CL.write.1.tlog
D:\Abhinav\SkyDrive\Documents\Game Src Code 21 Feb 2014 2252h\plAI Apogee 2k14 VC11\plAI Apogee 2k14 VC11\Release\link-cvtres.read.1.tlog
D:\Abhinav\SkyDrive\Documents\Game Src Code 21 Feb 2014 2252h\plAI Apogee 2k14 VC11\plAI Apogee 2k14 VC11\Release\link-cvtres.write.1.tlog
D:\Abhinav\SkyDrive\Documents\Game Src Code 21 Feb 2014 2252h\plAI Apogee 2k14 VC11\plAI Apogee 2k14 VC11\Release\link-rc.read.1.tlog
D:\Abhinav\SkyDrive\Documents\Game Src Code 21 Feb 2014 2252h\plAI Apogee 2k14 VC11\plAI Apogee 2k14 VC11\Release\link-rc.write.1.tlog
D:\Abhinav\SkyDrive\Documents\Game Src Code 21 Feb 2014 2252h\plAI Apogee 2k14 VC11\plAI Apogee 2k14 VC11\Release\link.command.1.tlog
D:\Abhinav\SkyDrive\Documents\Game Src Code 21 Feb 2014 2252h\plAI Apogee 2k14 VC11\plAI Apogee 2k14 VC11\Release\link.read.1.tlog
D:\Abhinav\SkyDrive\Documents\Game Src Code 21 Feb 2014 2252h\plAI Apogee 2k14 VC11\plAI Apogee 2k14 VC11\Release\link.write.1.tlog
D:\Abhinav\SkyDrive\Documents\Game Src Code 21 Feb 2014 2252h\plAI Apogee 2k14 VC11\plAI Apogee 2k14 VC11\Release\vc110.pdb
D:\Abhinav\SkyDrive\Documents\Game Src Code 21 Feb 2014 2252h\plAI Apogee 2k14 VC11\Release\plAI Apogee 2k14 VC11.pdb
D:\Abhinav\SkyDrive\Documents\Game Src Code 21 Feb 2014 2252h\plAI Apogee 2k14 VC11\Release\plAI Apogee 2k14 VC11.exe
