C:\USERS\BHATI_000\DOCUMENTS\VISUAL STUDIO 2012\PROJECTS\PLAI APOGEE 2K14 VC11\PLAI APOGEE 2K14 VC11\DEBUG\ANIMATEDSPRITE.OBJ
C:\USERS\BHATI_000\DOCUMENTS\VISUAL STUDIO 2012\PROJECTS\PLAI APOGEE 2K14 VC11\PLAI APOGEE 2K14 VC11\DEBUG\VECTOROPS.OBJ
C:\USERS\BHATI_000\DOCUMENTS\VISUAL STUDIO 2012\PROJECTS\PLAI APOGEE 2K14 VC11\PLAI APOGEE 2K14 VC11\DEBUG\GAME.OBJ
C:\USERS\BHATI_000\DOCUMENTS\VISUAL STUDIO 2012\PROJECTS\PLAI APOGEE 2K14 VC11\PLAI APOGEE 2K14 VC11\DEBUG\GAMEGRAPHICS.OBJ
C:\USERS\BHATI_000\DOCUMENTS\VISUAL STUDIO 2012\PROJECTS\PLAI APOGEE 2K14 VC11\PLAI APOGEE 2K14 VC11\DEBUG\GAMESOUNDS.OBJ
C:\USERS\BHATI_000\DOCUMENTS\VISUAL STUDIO 2012\PROJECTS\PLAI APOGEE 2K14 VC11\PLAI APOGEE 2K14 VC11\DEBUG\HUMANPLAYERWASD.OBJ
C:\USERS\BHATI_000\DOCUMENTS\VISUAL STUDIO 2012\PROJECTS\PLAI APOGEE 2K14 VC11\PLAI APOGEE 2K14 VC11\DEBUG\INFORMATIONPROVIDER.OBJ
C:\USERS\BHATI_000\DOCUMENTS\VISUAL STUDIO 2012\PROJECTS\PLAI APOGEE 2K14 VC11\PLAI APOGEE 2K14 VC11\DEBUG\MAP.OBJ
C:\USERS\BHATI_000\DOCUMENTS\VISUAL STUDIO 2012\PROJECTS\PLAI APOGEE 2K14 VC11\PLAI APOGEE 2K14 VC11\DEBUG\MISSILES.OBJ
C:\USERS\BHATI_000\DOCUMENTS\VISUAL STUDIO 2012\PROJECTS\PLAI APOGEE 2K14 VC11\PLAI APOGEE 2K14 VC11\DEBUG\RAFT.OBJ
C:\USERS\BHATI_000\DOCUMENTS\VISUAL STUDIO 2012\PROJECTS\PLAI APOGEE 2K14 VC11\PLAI APOGEE 2K14 VC11\DEBUG\SAMPLEAIPLAYER.OBJ
C:\USERS\BHATI_000\DOCUMENTS\VISUAL STUDIO 2012\PROJECTS\PLAI APOGEE 2K14 VC11\PLAI APOGEE 2K14 VC11\DEBUG\SOURCE.OBJ
C:\USERS\BHATI_000\DOCUMENTS\VISUAL STUDIO 2012\PROJECTS\PLAI APOGEE 2K14 VC11\PLAI APOGEE 2K14 VC11\DEBUG\VC110.PDB
C:\USERS\BHATI_000\DOCUMENTS\VISUAL STUDIO 2012\PROJECTS\PLAI APOGEE 2K14 VC11\DEBUG\PLAI APOGEE 2K14 VC11.ILK
C:\USERS\BHATI_000\DOCUMENTS\VISUAL STUDIO 2012\PROJECTS\PLAI APOGEE 2K14 VC11\DEBUG\PLAI APOGEE 2K14 VC11.EXE
C:\USERS\BHATI_000\DOCUMENTS\VISUAL STUDIO 2012\PROJECTS\PLAI APOGEE 2K14 VC11\DEBUG\PLAI APOGEE 2K14 VC11.PDB
C:\Users\bhati_000\Documents\Visual Studio 2012\Projects\plAI Apogee 2k14 VC11\plAI Apogee 2k14 VC11\Debug\AnimatedSprite.obj
C:\Users\bhati_000\Documents\Visual Studio 2012\Projects\plAI Apogee 2k14 VC11\plAI Apogee 2k14 VC11\Debug\Game.obj
C:\Users\bhati_000\Documents\Visual Studio 2012\Projects\plAI Apogee 2k14 VC11\plAI Apogee 2k14 VC11\Debug\GameGraphics.obj
C:\Users\bhati_000\Documents\Visual Studio 2012\Projects\plAI Apogee 2k14 VC11\plAI Apogee 2k14 VC11\Debug\GameSounds.obj
C:\Users\bhati_000\Documents\Visual Studio 2012\Projects\plAI Apogee 2k14 VC11\plAI Apogee 2k14 VC11\Debug\HumanPlayerWASD.obj
C:\Users\bhati_000\Documents\Visual Studio 2012\Projects\plAI Apogee 2k14 VC11\plAI Apogee 2k14 VC11\Debug\InformationProvider.obj
C:\Users\bhati_000\Documents\Visual Studio 2012\Projects\plAI Apogee 2k14 VC11\plAI Apogee 2k14 VC11\Debug\Map.obj
C:\Users\bhati_000\Documents\Visual Studio 2012\Projects\plAI Apogee 2k14 VC11\plAI Apogee 2k14 VC11\Debug\Missiles.obj
C:\Users\bhati_000\Documents\Visual Studio 2012\Projects\plAI Apogee 2k14 VC11\plAI Apogee 2k14 VC11\Debug\Raft.obj
C:\Users\bhati_000\Documents\Visual Studio 2012\Projects\plAI Apogee 2k14 VC11\plAI Apogee 2k14 VC11\Debug\SampleAIPlayer.obj
C:\Users\bhati_000\Documents\Visual Studio 2012\Projects\plAI Apogee 2k14 VC11\plAI Apogee 2k14 VC11\Debug\Source.obj
C:\Users\bhati_000\Documents\Visual Studio 2012\Projects\plAI Apogee 2k14 VC11\plAI Apogee 2k14 VC11\Debug\VectorOps.obj
C:\Users\bhati_000\Documents\Visual Studio 2012\Projects\plAI Apogee 2k14 VC11\plAI Apogee 2k14 VC11\Debug\cl.command.1.tlog
C:\Users\bhati_000\Documents\Visual Studio 2012\Projects\plAI Apogee 2k14 VC11\plAI Apogee 2k14 VC11\Debug\CL.read.1.tlog
C:\Users\bhati_000\Documents\Visual Studio 2012\Projects\plAI Apogee 2k14 VC11\plAI Apogee 2k14 VC11\Debug\CL.write.1.tlog
C:\Users\bhati_000\Documents\Visual Studio 2012\Projects\plAI Apogee 2k14 VC11\plAI Apogee 2k14 VC11\Debug\link-cvtres.read.1.tlog
C:\Users\bhati_000\Documents\Visual Studio 2012\Projects\plAI Apogee 2k14 VC11\plAI Apogee 2k14 VC11\Debug\link-cvtres.write.1.tlog
C:\Users\bhati_000\Documents\Visual Studio 2012\Projects\plAI Apogee 2k14 VC11\plAI Apogee 2k14 VC11\Debug\link-rc.read.1.tlog
C:\Users\bhati_000\Documents\Visual Studio 2012\Projects\plAI Apogee 2k14 VC11\plAI Apogee 2k14 VC11\Debug\link-rc.write.1.tlog
C:\Users\bhati_000\Documents\Visual Studio 2012\Projects\plAI Apogee 2k14 VC11\plAI Apogee 2k14 VC11\Debug\link.1884-cvtres.read.1.tlog
C:\Users\bhati_000\Documents\Visual Studio 2012\Projects\plAI Apogee 2k14 VC11\plAI Apogee 2k14 VC11\Debug\link.1884-cvtres.write.1.tlog
C:\Users\bhati_000\Documents\Visual Studio 2012\Projects\plAI Apogee 2k14 VC11\plAI Apogee 2k14 VC11\Debug\link.1884-rc.read.1.tlog
C:\Users\bhati_000\Documents\Visual Studio 2012\Projects\plAI Apogee 2k14 VC11\plAI Apogee 2k14 VC11\Debug\link.1884-rc.write.1.tlog
C:\Users\bhati_000\Documents\Visual Studio 2012\Projects\plAI Apogee 2k14 VC11\plAI Apogee 2k14 VC11\Debug\link.1884.read.1.tlog
C:\Users\bhati_000\Documents\Visual Studio 2012\Projects\plAI Apogee 2k14 VC11\plAI Apogee 2k14 VC11\Debug\link.1884.read.2.tlog
C:\Users\bhati_000\Documents\Visual Studio 2012\Projects\plAI Apogee 2k14 VC11\plAI Apogee 2k14 VC11\Debug\link.1884.write.1.tlog
C:\Users\bhati_000\Documents\Visual Studio 2012\Projects\plAI Apogee 2k14 VC11\plAI Apogee 2k14 VC11\Debug\link.2308-cvtres.read.1.tlog
C:\Users\bhati_000\Documents\Visual Studio 2012\Projects\plAI Apogee 2k14 VC11\plAI Apogee 2k14 VC11\Debug\link.2308-cvtres.write.1.tlog
C:\Users\bhati_000\Documents\Visual Studio 2012\Projects\plAI Apogee 2k14 VC11\plAI Apogee 2k14 VC11\Debug\link.2308-rc.read.1.tlog
C:\Users\bhati_000\Documents\Visual Studio 2012\Projects\plAI Apogee 2k14 VC11\plAI Apogee 2k14 VC11\Debug\link.2308-rc.write.1.tlog
C:\Users\bhati_000\Documents\Visual Studio 2012\Projects\plAI Apogee 2k14 VC11\plAI Apogee 2k14 VC11\Debug\link.2308.read.1.tlog
C:\Users\bhati_000\Documents\Visual Studio 2012\Projects\plAI Apogee 2k14 VC11\plAI Apogee 2k14 VC11\Debug\link.2308.read.2.tlog
C:\Users\bhati_000\Documents\Visual Studio 2012\Projects\plAI Apogee 2k14 VC11\plAI Apogee 2k14 VC11\Debug\link.2308.write.1.tlog
C:\Users\bhati_000\Documents\Visual Studio 2012\Projects\plAI Apogee 2k14 VC11\plAI Apogee 2k14 VC11\Debug\link.2600-cvtres.read.1.tlog
C:\Users\bhati_000\Documents\Visual Studio 2012\Projects\plAI Apogee 2k14 VC11\plAI Apogee 2k14 VC11\Debug\link.2600-cvtres.write.1.tlog
C:\Users\bhati_000\Documents\Visual Studio 2012\Projects\plAI Apogee 2k14 VC11\plAI Apogee 2k14 VC11\Debug\link.2600-rc.read.1.tlog
C:\Users\bhati_000\Documents\Visual Studio 2012\Projects\plAI Apogee 2k14 VC11\plAI Apogee 2k14 VC11\Debug\link.2600-rc.write.1.tlog
C:\Users\bhati_000\Documents\Visual Studio 2012\Projects\plAI Apogee 2k14 VC11\plAI Apogee 2k14 VC11\Debug\link.2600.read.1.tlog
C:\Users\bhati_000\Documents\Visual Studio 2012\Projects\plAI Apogee 2k14 VC11\plAI Apogee 2k14 VC11\Debug\link.2600.read.2.tlog
C:\Users\bhati_000\Documents\Visual Studio 2012\Projects\plAI Apogee 2k14 VC11\plAI Apogee 2k14 VC11\Debug\link.2600.write.1.tlog
C:\Users\bhati_000\Documents\Visual Studio 2012\Projects\plAI Apogee 2k14 VC11\plAI Apogee 2k14 VC11\Debug\link.3144-cvtres.read.1.tlog
C:\Users\bhati_000\Documents\Visual Studio 2012\Projects\plAI Apogee 2k14 VC11\plAI Apogee 2k14 VC11\Debug\link.3144-cvtres.write.1.tlog
C:\Users\bhati_000\Documents\Visual Studio 2012\Projects\plAI Apogee 2k14 VC11\plAI Apogee 2k14 VC11\Debug\link.3144-rc.read.1.tlog
C:\Users\bhati_000\Documents\Visual Studio 2012\Projects\plAI Apogee 2k14 VC11\plAI Apogee 2k14 VC11\Debug\link.3144-rc.write.1.tlog
C:\Users\bhati_000\Documents\Visual Studio 2012\Projects\plAI Apogee 2k14 VC11\plAI Apogee 2k14 VC11\Debug\link.3144.read.1.tlog
C:\Users\bhati_000\Documents\Visual Studio 2012\Projects\plAI Apogee 2k14 VC11\plAI Apogee 2k14 VC11\Debug\link.3144.read.2.tlog
C:\Users\bhati_000\Documents\Visual Studio 2012\Projects\plAI Apogee 2k14 VC11\plAI Apogee 2k14 VC11\Debug\link.3144.write.1.tlog
C:\Users\bhati_000\Documents\Visual Studio 2012\Projects\plAI Apogee 2k14 VC11\plAI Apogee 2k14 VC11\Debug\link.7448-cvtres.read.1.tlog
C:\Users\bhati_000\Documents\Visual Studio 2012\Projects\plAI Apogee 2k14 VC11\plAI Apogee 2k14 VC11\Debug\link.7448-cvtres.write.1.tlog
C:\Users\bhati_000\Documents\Visual Studio 2012\Projects\plAI Apogee 2k14 VC11\plAI Apogee 2k14 VC11\Debug\link.7448-rc.read.1.tlog
C:\Users\bhati_000\Documents\Visual Studio 2012\Projects\plAI Apogee 2k14 VC11\plAI Apogee 2k14 VC11\Debug\link.7448-rc.write.1.tlog
C:\Users\bhati_000\Documents\Visual Studio 2012\Projects\plAI Apogee 2k14 VC11\plAI Apogee 2k14 VC11\Debug\link.7448.read.1.tlog
C:\Users\bhati_000\Documents\Visual Studio 2012\Projects\plAI Apogee 2k14 VC11\plAI Apogee 2k14 VC11\Debug\link.7448.read.2.tlog
C:\Users\bhati_000\Documents\Visual Studio 2012\Projects\plAI Apogee 2k14 VC11\plAI Apogee 2k14 VC11\Debug\link.7448.write.1.tlog
C:\Users\bhati_000\Documents\Visual Studio 2012\Projects\plAI Apogee 2k14 VC11\plAI Apogee 2k14 VC11\Debug\link.command.1.tlog
C:\Users\bhati_000\Documents\Visual Studio 2012\Projects\plAI Apogee 2k14 VC11\plAI Apogee 2k14 VC11\Debug\link.read.1.tlog
C:\Users\bhati_000\Documents\Visual Studio 2012\Projects\plAI Apogee 2k14 VC11\plAI Apogee 2k14 VC11\Debug\link.read.2.tlog
C:\Users\bhati_000\Documents\Visual Studio 2012\Projects\plAI Apogee 2k14 VC11\plAI Apogee 2k14 VC11\Debug\link.write.1.tlog
C:\Users\bhati_000\Documents\Visual Studio 2012\Projects\plAI Apogee 2k14 VC11\plAI Apogee 2k14 VC11\Debug\vc110.idb
C:\Users\bhati_000\Documents\Visual Studio 2012\Projects\plAI Apogee 2k14 VC11\plAI Apogee 2k14 VC11\Debug\vc110.pdb
